2025-02-03 11:47:43,317 - __main__ - INFO - AlertSystem initialized
2025-02-03 11:47:43,318 - __main__ - WARNING - WARNING: Low battery level (19.7%) below threshold (20.0%)
2025-02-03 11:47:43,318 - __main__ - WARNING - WARNING: High wind speed (135.6 km/h) exceeds threshold (100.0 km/h)
2025-02-03 11:47:43,318 - __main__ - WARNING - WARNING: Power imbalance detected (3.5 kW) exceeds threshold (1.0 kW)
2025-02-03 11:47:43,318 - __main__ - INFO - Displayed 3 active alerts
2025-02-03 11:47:44,318 - __main__ - WARNING - WARNING: Power imbalance detected (8.2 kW) exceeds threshold (1.0 kW)
2025-02-03 11:47:44,318 - __main__ - INFO - Displayed 4 active alerts
2025-02-03 11:47:45,319 - __main__ - WARNING - WARNING: Power imbalance detected (5.2 kW) exceeds threshold (1.0 kW)
2025-02-03 11:47:45,319 - __main__ - INFO - Displayed 5 active alerts
2025-02-03 11:47:46,319 - __main__ - WARNING - WARNING: Motor temperature (83.3°C) exceeds threshold (80.0°C)
2025-02-03 11:47:46,320 - __main__ - WARNING - WARNING: Power imbalance detected (6.7 kW) exceeds threshold (1.0 kW)
2025-02-03 11:47:46,320 - __main__ - INFO - Displayed 7 active alerts
2025-02-03 11:47:47,320 - __main__ - WARNING - WARNING: High wind speed (115.1 km/h) exceeds threshold (100.0 km/h)
2025-02-03 11:47:47,320 - __main__ - WARNING - WARNING: Power imbalance detected (7.9 kW) exceeds threshold (1.0 kW)
2025-02-03 11:47:47,321 - __main__ - INFO - Displayed 9 active alerts
2025-02-03 11:47:48,321 - __main__ - WARNING - WARNING: High outside temperature (49.1°C) exceeds threshold (45.0°C)
2025-02-03 11:47:48,321 - __main__ - WARNING - WARNING: Power imbalance detected (1.0 kW) exceeds threshold (1.0 kW)
2025-02-03 11:47:48,321 - __main__ - INFO - Displayed 11 active alerts
2025-02-03 11:47:49,321 - __main__ - WARNING - WARNING: Power imbalance detected (4.0 kW) exceeds threshold (1.0 kW)
2025-02-03 11:47:49,322 - __main__ - INFO - Displayed 12 active alerts
2025-02-03 11:47:50,322 - __main__ - WARNING - WARNING: Battery temperature (99.5°C) exceeds threshold (60.0°C)
2025-02-03 11:47:50,322 - __main__ - WARNING - WARNING: Power imbalance detected (1.6 kW) exceeds threshold (1.0 kW)
2025-02-03 11:47:50,323 - __main__ - INFO - Displayed 14 active alerts
2025-02-03 11:47:51,323 - __main__ - WARNING - WARNING: Low battery level (4.8%) below threshold (20.0%)
2025-02-03 11:47:51,323 - __main__ - WARNING - WARNING: High wind speed (138.8 km/h) exceeds threshold (100.0 km/h)
2025-02-03 11:47:51,323 - __main__ - WARNING - WARNING: Power imbalance detected (2.0 kW) exceeds threshold (1.0 kW)
2025-02-03 11:47:51,323 - __main__ - INFO - Displayed 17 active alerts
2025-02-03 11:47:52,324 - __main__ - WARNING - WARNING: Battery temperature (86.4°C) exceeds threshold (60.0°C)
2025-02-03 11:47:52,324 - __main__ - WARNING - WARNING: Low battery level (11.5%) below threshold (20.0%)
2025-02-03 11:47:52,324 - __main__ - WARNING - WARNING: Power imbalance detected (4.2 kW) exceeds threshold (1.0 kW)
2025-02-03 11:47:52,324 - __main__ - INFO - Displayed 20 active alerts
2025-02-03 11:47:53,325 - __main__ - WARNING - WARNING: Motor temperature (86.9°C) exceeds threshold (80.0°C)
2025-02-03 11:47:53,325 - __main__ - WARNING - WARNING: High outside temperature (49.9°C) exceeds threshold (45.0°C)
2025-02-03 11:47:53,325 - __main__ - WARNING - WARNING: Power imbalance detected (1.8 kW) exceeds threshold (1.0 kW)
2025-02-03 11:47:53,325 - __main__ - INFO - Displayed 23 active alerts
2025-02-03 11:47:54,326 - __main__ - WARNING - WARNING: Battery temperature (73.2°C) exceeds threshold (60.0°C)
2025-02-03 11:47:54,326 - __main__ - WARNING - WARNING: Power imbalance detected (8.7 kW) exceeds threshold (1.0 kW)
2025-02-03 11:47:54,327 - __main__ - INFO - Displayed 25 active alerts
2025-02-03 11:47:55,327 - __main__ - WARNING - WARNING: Battery temperature (79.8°C) exceeds threshold (60.0°C)
2025-02-03 11:47:55,327 - __main__ - WARNING - WARNING: Low outside temperature (-39.2°C) below threshold (-30.0°C)
2025-02-03 11:47:55,328 - __main__ - INFO - Displayed 27 active alerts
2025-02-03 19:29:22,400 - __main__ - INFO - AlertSystem initialized
2025-02-03 19:29:22,401 - __main__ - WARNING - WARNING: High wind speed (118.6 km/h) exceeds threshold (100.0 km/h)
2025-02-03 19:29:22,401 - __main__ - WARNING - WARNING: Power imbalance detected (5.9 kW) exceeds threshold (1.0 kW)
2025-02-03 19:29:22,401 - __main__ - INFO - Displayed 2 active alerts
2025-02-03 19:29:21,073 - __main__ - WARNING - WARNING: Battery temperature (90.0°C) exceeds threshold (60.0°C)
2025-02-03 19:29:21,074 - __main__ - INFO - Displayed 3 active alerts
2025-02-03 19:29:22,075 - __main__ - WARNING - WARNING: Battery temperature (67.6°C) exceeds threshold (60.0°C)
2025-02-03 19:29:22,076 - __main__ - WARNING - WARNING: Power imbalance detected (3.7 kW) exceeds threshold (1.0 kW)
2025-02-03 19:29:22,076 - __main__ - INFO - Displayed 5 active alerts
2025-02-03 19:29:23,112 - __main__ - INFO - Displayed 5 active alerts
2025-02-03 19:29:24,125 - __main__ - WARNING - WARNING: Low outside temperature (-36.7°C) below threshold (-30.0°C)
2025-02-03 19:29:24,125 - __main__ - WARNING - WARNING: Power imbalance detected (1.0 kW) exceeds threshold (1.0 kW)
2025-02-03 19:29:24,126 - __main__ - INFO - Displayed 7 active alerts
2025-02-03 19:29:25,126 - __main__ - WARNING - WARNING: Low battery level (6.2%) below threshold (20.0%)
2025-02-03 19:29:25,126 - __main__ - WARNING - WARNING: Low outside temperature (-33.2°C) below threshold (-30.0°C)
2025-02-03 19:29:25,126 - __main__ - WARNING - WARNING: Power imbalance detected (9.0 kW) exceeds threshold (1.0 kW)
2025-02-03 19:29:25,127 - __main__ - INFO - Displayed 10 active alerts
2025-02-03 19:29:26,161 - __main__ - WARNING - WARNING: High outside temperature (49.8°C) exceeds threshold (45.0°C)
2025-02-03 19:29:26,161 - __main__ - WARNING - WARNING: Power imbalance detected (4.6 kW) exceeds threshold (1.0 kW)
2025-02-03 19:29:26,162 - __main__ - INFO - Displayed 12 active alerts
2025-02-03 19:29:27,194 - __main__ - WARNING - WARNING: High wind speed (146.9 km/h) exceeds threshold (100.0 km/h)
2025-02-03 19:29:27,195 - __main__ - INFO - Displayed 13 active alerts
2025-02-03 19:29:28,228 - __main__ - WARNING - WARNING: Power imbalance detected (7.0 kW) exceeds threshold (1.0 kW)
2025-02-03 19:29:28,229 - __main__ - INFO - Displayed 14 active alerts
2025-02-03 19:29:29,235 - __main__ - WARNING - WARNING: Battery temperature (87.1°C) exceeds threshold (60.0°C)
2025-02-03 19:29:29,235 - __main__ - WARNING - WARNING: Low battery level (0.6%) below threshold (20.0%)
2025-02-03 19:29:29,235 - __main__ - WARNING - WARNING: High wind speed (142.1 km/h) exceeds threshold (100.0 km/h)
2025-02-03 19:29:29,235 - __main__ - WARNING - WARNING: Power imbalance detected (1.5 kW) exceeds threshold (1.0 kW)
2025-02-03 19:29:29,236 - __main__ - INFO - Displayed 18 active alerts
2025-02-03 19:29:30,266 - __main__ - WARNING - WARNING: Battery temperature (73.1°C) exceeds threshold (60.0°C)
2025-02-03 19:29:30,267 - __main__ - INFO - Displayed 19 active alerts
2025-02-03 19:29:31,309 - __main__ - WARNING - WARNING: High wind speed (128.4 km/h) exceeds threshold (100.0 km/h)
2025-02-03 19:29:31,310 - __main__ - WARNING - WARNING: Power imbalance detected (3.9 kW) exceeds threshold (1.0 kW)
2025-02-03 19:29:31,310 - __main__ - INFO - Displayed 21 active alerts
2025-02-03 19:29:32,355 - __main__ - WARNING - WARNING: Power imbalance detected (5.6 kW) exceeds threshold (1.0 kW)
2025-02-03 19:29:32,356 - __main__ - INFO - Displayed 22 active alerts
2025-02-03 19:29:33,357 - __main__ - WARNING - WARNING: Low outside temperature (-33.0°C) below threshold (-30.0°C)
2025-02-03 19:29:33,358 - __main__ - WARNING - WARNING: Power imbalance detected (2.7 kW) exceeds threshold (1.0 kW)
2025-02-03 19:29:33,358 - __main__ - INFO - Displayed 24 active alerts
2025-02-03 19:29:34,438 - __main__ - WARNING - WARNING: High wind speed (129.0 km/h) exceeds threshold (100.0 km/h)
2025-02-03 19:29:34,439 - __main__ - WARNING - WARNING: Power imbalance detected (1.3 kW) exceeds threshold (1.0 kW)
2025-02-03 19:29:34,439 - __main__ - INFO - Displayed 26 active alerts
2025-02-03 19:29:35,518 - __main__ - WARNING - WARNING: Battery temperature (73.2°C) exceeds threshold (60.0°C)
2025-02-03 19:29:35,518 - __main__ - WARNING - WARNING: Motor temperature (81.9°C) exceeds threshold (80.0°C)
2025-02-03 19:29:35,518 - __main__ - WARNING - WARNING: High wind speed (135.8 km/h) exceeds threshold (100.0 km/h)
2025-02-03 19:29:35,519 - __main__ - INFO - Displayed 29 active alerts
2025-02-03 19:29:36,559 - __main__ - INFO - Displayed 29 active alerts
2025-02-03 19:31:32,076 - __main__ - INFO - AlertSystem initialized
2025-02-03 19:31:32,077 - __main__ - WARNING - WARNING: Motor temperature (83.1°C) exceeds threshold (80.0°C)
2025-02-03 19:31:32,077 - __main__ - WARNING - WARNING: High outside temperature (45.1°C) exceeds threshold (45.0°C)
2025-02-03 19:31:32,077 - __main__ - WARNING - WARNING: Power imbalance detected (2.4 kW) exceeds threshold (1.0 kW)
2025-02-03 19:31:32,078 - __main__ - INFO - Displayed 3 active alerts
2025-02-03 19:31:33,156 - __main__ - WARNING - WARNING: Battery temperature (92.9°C) exceeds threshold (60.0°C)
2025-02-03 19:31:33,156 - __main__ - INFO - Displayed 4 active alerts
2025-02-03 19:31:34,231 - __main__ - WARNING - WARNING: Battery temperature (82.6°C) exceeds threshold (60.0°C)
2025-02-03 19:31:34,231 - __main__ - WARNING - WARNING: Motor temperature (89.2°C) exceeds threshold (80.0°C)
2025-02-03 19:31:34,232 - __main__ - WARNING - WARNING: High wind speed (121.7 km/h) exceeds threshold (100.0 km/h)
2025-02-03 19:31:34,232 - __main__ - WARNING - WARNING: Power imbalance detected (1.2 kW) exceeds threshold (1.0 kW)
2025-02-03 19:31:34,232 - __main__ - INFO - Displayed 8 active alerts
2025-02-03 19:31:35,317 - __main__ - INFO - Displayed 8 active alerts
2025-02-03 19:31:36,367 - __main__ - WARNING - WARNING: Power imbalance detected (1.7 kW) exceeds threshold (1.0 kW)
2025-02-03 19:31:36,368 - __main__ - INFO - Displayed 9 active alerts
2025-02-03 19:31:37,436 - __main__ - WARNING - WARNING: Battery temperature (65.0°C) exceeds threshold (60.0°C)
2025-02-03 19:31:37,436 - __main__ - WARNING - WARNING: High outside temperature (45.5°C) exceeds threshold (45.0°C)
2025-02-03 19:31:37,439 - __main__ - WARNING - WARNING: Power imbalance detected (4.1 kW) exceeds threshold (1.0 kW)
2025-02-03 19:31:37,439 - __main__ - INFO - Displayed 12 active alerts
2025-02-03 19:31:38,441 - __main__ - WARNING - WARNING: Power imbalance detected (2.1 kW) exceeds threshold (1.0 kW)
2025-02-03 19:31:38,442 - __main__ - INFO - Displayed 13 active alerts
2025-02-03 19:31:39,527 - __main__ - WARNING - Low battery level (19.0%) below threshold (20.0%)
2025-02-03 19:31:39,527 - __main__ - WARNING - WARNING: High wind speed (144.1 km/h) exceeds threshold (100.0 km/h)
2025-02-03 19:31:39,527 - __main__ - WARNING - WARNING: Power imbalance detected (4.0 kW) exceeds threshold (1.0 kW)
2025-02-03 19:31:39,528 - __main__ - INFO - Displayed 16 active alerts
2025-02-03 19:31:40,559 - __main__ - WARNING - WARNING: Battery temperature (88.9°C) exceeds threshold (60.0°C)
2025-02-03 19:31:40,559 - __main__ - WARNING - WARNING: Motor temperature (96.2°C) exceeds threshold (80.0°C)
2025-02-03 19:31:40,560 - __main__ - WARNING - WARNING: High wind speed (143.1 km/h) exceeds threshold (100.0 km/h)
2025-02-03 19:31:40,560 - __main__ - WARNING - WARNING: Power imbalance detected (6.8 kW) exceeds threshold (1.0 kW)
2025-02-03 19:31:40,560 - __main__ - INFO - Displayed 20 active alerts
2025-02-03 19:31:41,567 - __main__ - WARNING - WARNING: Battery temperature (80.7°C) exceeds threshold (60.0°C)
2025-02-03 19:31:41,568 - __main__ - INFO - Displayed 21 active alerts
2025-02-03 19:31:42,569 - __main__ - WARNING - WARNING: Battery temperature (75.8°C) exceeds threshold (60.0°C)
2025-02-03 19:31:42,609 - __main__ - INFO - Displayed 22 active alerts
2025-02-03 19:31:43,623 - __main__ - WARNING - Low battery level (19.6%) below threshold (20.0%)
2025-02-03 19:31:43,623 - __main__ - WARNING - WARNING: Power imbalance detected (3.4 kW) exceeds threshold (1.0 kW)
2025-02-03 19:31:43,624 - __main__ - INFO - Displayed 24 active alerts
2025-02-03 19:31:44,664 - __main__ - WARNING - WARNING: Battery temperature (83.0°C) exceeds threshold (60.0°C)
2025-02-03 19:31:44,664 - __main__ - WARNING - WARNING: High wind speed (139.8 km/h) exceeds threshold (100.0 km/h)
2025-02-03 19:31:44,664 - __main__ - WARNING - Low outside temperature (-39.8°C) below threshold (-30.0°C)
2025-02-03 19:31:44,665 - __main__ - INFO - Displayed 27 active alerts
2025-02-03 19:31:45,702 - __main__ - WARNING - WARNING: Motor temperature (85.8°C) exceeds threshold (80.0°C)
2025-02-03 19:31:45,702 - __main__ - WARNING - WARNING: High wind speed (124.5 km/h) exceeds threshold (100.0 km/h)
2025-02-03 19:31:45,702 - __main__ - WARNING - Low outside temperature (-32.1°C) below threshold (-30.0°C)
2025-02-03 19:31:45,702 - __main__ - WARNING - WARNING: Power imbalance detected (1.0 kW) exceeds threshold (1.0 kW)
2025-02-03 19:31:45,703 - __main__ - INFO - Displayed 31 active alerts
2025-02-03 19:31:46,722 - __main__ - WARNING - WARNING: Power imbalance detected (7.5 kW) exceeds threshold (1.0 kW)
2025-02-03 19:31:46,723 - __main__ - INFO - Displayed 32 active alerts
2025-02-03 19:31:47,734 - __main__ - WARNING - WARNING: Power imbalance detected (4.3 kW) exceeds threshold (1.0 kW)
2025-02-03 19:31:47,735 - __main__ - INFO - Displayed 33 active alerts
2025-02-03 19:31:48,756 - __main__ - WARNING - WARNING: Battery temperature (75.5°C) exceeds threshold (60.0°C)
2025-02-03 19:31:48,756 - __main__ - WARNING - Low battery level (12.1%) below threshold (20.0%)
2025-02-03 19:31:48,756 - __main__ - WARNING - WARNING: Power imbalance detected (6.3 kW) exceeds threshold (1.0 kW)
2025-02-03 19:31:48,758 - __main__ - INFO - Displayed 36 active alerts
2025-02-03 19:31:49,774 - __main__ - WARNING - Low battery level (2.9%) below threshold (20.0%)
2025-02-03 19:31:49,774 - __main__ - WARNING - WARNING: Power imbalance detected (5.3 kW) exceeds threshold (1.0 kW)
2025-02-03 19:31:49,775 - __main__ - INFO - Displayed 38 active alerts
2025-02-03 19:31:50,785 - __main__ - WARNING - WARNING: Battery temperature (83.5°C) exceeds threshold (60.0°C)
2025-02-03 19:31:50,785 - __main__ - WARNING - WARNING: High wind speed (125.1 km/h) exceeds threshold (100.0 km/h)
2025-02-03 19:31:50,785 - __main__ - WARNING - WARNING: Power imbalance detected (2.8 kW) exceeds threshold (1.0 kW)
2025-02-03 19:31:50,786 - __main__ - INFO - Displayed 41 active alerts
2025-02-03 19:31:51,788 - __main__ - WARNING - WARNING: High wind speed (104.8 km/h) exceeds threshold (100.0 km/h)
2025-02-03 19:31:51,789 - __main__ - WARNING - WARNING: Power imbalance detected (6.7 kW) exceeds threshold (1.0 kW)
2025-02-03 19:31:51,791 - __main__ - INFO - Displayed 43 active alerts
2025-02-03 19:31:50,690 - __main__ - WARNING - WARNING: Battery temperature (66.7°C) exceeds threshold (60.0°C)
2025-02-03 19:31:50,690 - __main__ - WARNING - Low battery level (14.1%) below threshold (20.0%)
2025-02-03 19:31:50,690 - __main__ - WARNING - WARNING: Motor temperature (86.6°C) exceeds threshold (80.0°C)
2025-02-03 19:31:50,690 - __main__ - INFO - Displayed 46 active alerts
2025-02-03 19:31:51,715 - __main__ - WARNING - WARNING: Battery temperature (70.4°C) exceeds threshold (60.0°C)
2025-02-03 19:31:51,716 - __main__ - WARNING - WARNING: Power imbalance detected (3.7 kW) exceeds threshold (1.0 kW)
2025-02-03 19:31:51,717 - __main__ - INFO - Displayed 48 active alerts
2025-02-03 19:31:52,764 - __main__ - WARNING - WARNING: Battery temperature (66.1°C) exceeds threshold (60.0°C)
2025-02-03 19:31:52,764 - __main__ - INFO - Displayed 49 active alerts
2025-02-03 19:31:53,847 - __main__ - WARNING - WARNING: Motor temperature (88.8°C) exceeds threshold (80.0°C)
2025-02-03 19:31:53,849 - __main__ - INFO - Displayed 50 active alerts
